C:\Users\zaz\Documents\Visual Studio 2010\Projects\ColorLines\ColorLines\Debug\cl.command.1.tlog
C:\Users\zaz\Documents\Visual Studio 2010\Projects\ColorLines\ColorLines\Debug\CL.read.1.tlog
C:\Users\zaz\Documents\Visual Studio 2010\Projects\ColorLines\ColorLines\Debug\CL.write.1.tlog
C:\USERS\ZAZ\DOCUMENTS\VISUAL STUDIO 2010\PROJECTS\COLORLINES\COLORLINES\DEBUG\COLORLINES.EXE.EMBED.MANIFEST
C:\USERS\ZAZ\DOCUMENTS\VISUAL STUDIO 2010\PROJECTS\COLORLINES\COLORLINES\DEBUG\COLORLINES.EXE.EMBED.MANIFEST.RES
C:\USERS\ZAZ\DOCUMENTS\VISUAL STUDIO 2010\PROJECTS\COLORLINES\COLORLINES\DEBUG\COLORLINES.EXE.INTERMEDIATE.MANIFEST
C:\Users\zaz\Documents\Visual Studio 2010\Projects\ColorLines\ColorLines\Debug\ColorLines_manifest.rc
C:\USERS\ZAZ\DOCUMENTS\VISUAL STUDIO 2010\PROJECTS\COLORLINES\COLORLINES\DEBUG\FIELD.OBJ
C:\USERS\ZAZ\DOCUMENTS\VISUAL STUDIO 2010\PROJECTS\COLORLINES\COLORLINES\DEBUG\FUNC.OBJ
C:\Users\zaz\Documents\Visual Studio 2010\Projects\ColorLines\ColorLines\Debug\link.1072.read.1.tlog
C:\Users\zaz\Documents\Visual Studio 2010\Projects\ColorLines\ColorLines\Debug\link.1072.write.1.tlog
C:\Users\zaz\Documents\Visual Studio 2010\Projects\ColorLines\ColorLines\Debug\link.1072-cvtres.read.1.tlog
C:\Users\zaz\Documents\Visual Studio 2010\Projects\ColorLines\ColorLines\Debug\link.1072-cvtres.write.1.tlog
C:\Users\zaz\Documents\Visual Studio 2010\Projects\ColorLines\ColorLines\Debug\link.2204.read.1.tlog
C:\Users\zaz\Documents\Visual Studio 2010\Projects\ColorLines\ColorLines\Debug\link.2204.write.1.tlog
C:\Users\zaz\Documents\Visual Studio 2010\Projects\ColorLines\ColorLines\Debug\link.2204-cvtres.read.1.tlog
C:\Users\zaz\Documents\Visual Studio 2010\Projects\ColorLines\ColorLines\Debug\link.2204-cvtres.write.1.tlog
C:\Users\zaz\Documents\Visual Studio 2010\Projects\ColorLines\ColorLines\Debug\link.2952.read.1.tlog
C:\Users\zaz\Documents\Visual Studio 2010\Projects\ColorLines\ColorLines\Debug\link.2952.write.1.tlog
C:\Users\zaz\Documents\Visual Studio 2010\Projects\ColorLines\ColorLines\Debug\link.2952-cvtres.read.1.tlog
C:\Users\zaz\Documents\Visual Studio 2010\Projects\ColorLines\ColorLines\Debug\link.2952-cvtres.write.1.tlog
C:\Users\zaz\Documents\Visual Studio 2010\Projects\ColorLines\ColorLines\Debug\link.3032.read.1.tlog
C:\Users\zaz\Documents\Visual Studio 2010\Projects\ColorLines\ColorLines\Debug\link.3032.write.1.tlog
C:\Users\zaz\Documents\Visual Studio 2010\Projects\ColorLines\ColorLines\Debug\link.3032-cvtres.read.1.tlog
C:\Users\zaz\Documents\Visual Studio 2010\Projects\ColorLines\ColorLines\Debug\link.3032-cvtres.write.1.tlog
C:\Users\zaz\Documents\Visual Studio 2010\Projects\ColorLines\ColorLines\Debug\link.3156.read.1.tlog
C:\Users\zaz\Documents\Visual Studio 2010\Projects\ColorLines\ColorLines\Debug\link.3156.write.1.tlog
C:\Users\zaz\Documents\Visual Studio 2010\Projects\ColorLines\ColorLines\Debug\link.3156-cvtres.read.1.tlog
C:\Users\zaz\Documents\Visual Studio 2010\Projects\ColorLines\ColorLines\Debug\link.3156-cvtres.write.1.tlog
C:\Users\zaz\Documents\Visual Studio 2010\Projects\ColorLines\ColorLines\Debug\link.3208.read.1.tlog
C:\Users\zaz\Documents\Visual Studio 2010\Projects\ColorLines\ColorLines\Debug\link.3208.write.1.tlog
C:\Users\zaz\Documents\Visual Studio 2010\Projects\ColorLines\ColorLines\Debug\link.3208-cvtres.read.1.tlog
C:\Users\zaz\Documents\Visual Studio 2010\Projects\ColorLines\ColorLines\Debug\link.3208-cvtres.write.1.tlog
C:\Users\zaz\Documents\Visual Studio 2010\Projects\ColorLines\ColorLines\Debug\link.4948.read.1.tlog
C:\Users\zaz\Documents\Visual Studio 2010\Projects\ColorLines\ColorLines\Debug\link.4948.write.1.tlog
C:\Users\zaz\Documents\Visual Studio 2010\Projects\ColorLines\ColorLines\Debug\link.4948-cvtres.read.1.tlog
C:\Users\zaz\Documents\Visual Studio 2010\Projects\ColorLines\ColorLines\Debug\link.4948-cvtres.write.1.tlog
C:\Users\zaz\Documents\Visual Studio 2010\Projects\ColorLines\ColorLines\Debug\link.516.read.1.tlog
C:\Users\zaz\Documents\Visual Studio 2010\Projects\ColorLines\ColorLines\Debug\link.516.write.1.tlog
C:\Users\zaz\Documents\Visual Studio 2010\Projects\ColorLines\ColorLines\Debug\link.516-cvtres.read.1.tlog
C:\Users\zaz\Documents\Visual Studio 2010\Projects\ColorLines\ColorLines\Debug\link.516-cvtres.write.1.tlog
C:\Users\zaz\Documents\Visual Studio 2010\Projects\ColorLines\ColorLines\Debug\link.command.1.tlog
C:\Users\zaz\Documents\Visual Studio 2010\Projects\ColorLines\ColorLines\Debug\link.read.1.tlog
C:\Users\zaz\Documents\Visual Studio 2010\Projects\ColorLines\ColorLines\Debug\link.write.1.tlog
C:\Users\zaz\Documents\Visual Studio 2010\Projects\ColorLines\ColorLines\Debug\link-cvtres.read.1.tlog
C:\Users\zaz\Documents\Visual Studio 2010\Projects\ColorLines\ColorLines\Debug\link-cvtres.write.1.tlog
C:\USERS\ZAZ\DOCUMENTS\VISUAL STUDIO 2010\PROJECTS\COLORLINES\COLORLINES\DEBUG\MAIN.OBJ
C:\USERS\ZAZ\DOCUMENTS\VISUAL STUDIO 2010\PROJECTS\COLORLINES\COLORLINES\DEBUG\MESSAGEFUNC.OBJ
C:\USERS\ZAZ\DOCUMENTS\VISUAL STUDIO 2010\PROJECTS\COLORLINES\COLORLINES\DEBUG\MOVES.OBJ
C:\Users\zaz\Documents\Visual Studio 2010\Projects\ColorLines\ColorLines\Debug\mt.command.1.tlog
C:\Users\zaz\Documents\Visual Studio 2010\Projects\ColorLines\ColorLines\Debug\mt.read.1.tlog
C:\Users\zaz\Documents\Visual Studio 2010\Projects\ColorLines\ColorLines\Debug\mt.write.1.tlog
C:\Users\zaz\Documents\Visual Studio 2010\Projects\ColorLines\ColorLines\Debug\rc.command.1.tlog
C:\Users\zaz\Documents\Visual Studio 2010\Projects\ColorLines\ColorLines\Debug\rc.read.1.tlog
C:\Users\zaz\Documents\Visual Studio 2010\Projects\ColorLines\ColorLines\Debug\rc.write.1.tlog
C:\USERS\ZAZ\DOCUMENTS\VISUAL STUDIO 2010\PROJECTS\COLORLINES\COLORLINES\DEBUG\SQUARE.OBJ
C:\Users\zaz\Documents\Visual Studio 2010\Projects\ColorLines\ColorLines\Debug\vc100.idb
C:\USERS\ZAZ\DOCUMENTS\VISUAL STUDIO 2010\PROJECTS\COLORLINES\COLORLINES\DEBUG\VC100.PDB
C:\USERS\ZAZ\DOCUMENTS\VISUAL STUDIO 2010\PROJECTS\COLORLINES\DEBUG\COLORLINES.EXE
C:\USERS\ZAZ\DOCUMENTS\VISUAL STUDIO 2010\PROJECTS\COLORLINES\DEBUG\COLORLINES.ILK
C:\USERS\ZAZ\DOCUMENTS\VISUAL STUDIO 2010\PROJECTS\COLORLINES\DEBUG\COLORLINES.PDB
