Build started 3/16/2013 10:12:04 PM.
Project "C:\Users\zaz\Documents\Visual Studio 2010\Projects\ColorLines\ColorLines\ColorLines.vcxproj" on node 2 (build target(s)).
InitializeBuildStatus:
  Touching "Debug\ColorLines.unsuccessfulbuild".
ClCompile:
  C:\Program Files (x86)\Microsoft Visual Studio 10.0\VC\bin\CL.exe /c /ZI /nologo /W3 /WX- /Od /Oy- /D WIN32 /D _DEBUG /D _WINDOWS /D _MBCS /Gm /EHsc /RTC1 /MDd /GS /fp:precise /Zc:wchar_t /Zc:forScope /Fo"Debug\\" /Fd"Debug\vc100.pdb" /Gd /TP /analyze- /errorReport:prompt Field.cpp MessageFunc.cpp Moves.cpp Square.cpp main.cpp
  MessageFunc.cpp
c:\users\zaz\documents\visual studio 2010\projects\colorlines\colorlines\messagefunc.cpp(126): warning C4244: 'argument' : conversion from 'time_t' to 'unsigned int', possible loss of data
  Generating Code...
c:\users\zaz\documents\visual studio 2010\projects\colorlines\colorlines\messagefunc.cpp(78): warning C4715: 'GetClickedSquare' : not all control paths return a value
  Skipping... (no relevant changes detected)
  main.cpp
  Square.cpp
  Moves.cpp
  Field.cpp
ManifestResourceCompile:
  All outputs are up-to-date.
Link:
  C:\Program Files (x86)\Microsoft Visual Studio 10.0\VC\bin\link.exe /ERRORREPORT:PROMPT /OUT:"C:\Users\zaz\Documents\Visual Studio 2010\Projects\ColorLines\Debug\ColorLines.exe" /INCREMENTAL /NOLOGO kernel32.lib user32.lib gdi32.lib winspool.lib comdlg32.lib advapi32.lib shell32.lib ole32.lib oleaut32.lib uuid.lib odbc32.lib odbccp32.lib /MANIFEST /ManifestFile:"Debug\ColorLines.exe.intermediate.manifest" /MANIFESTUAC:"level='asInvoker' uiAccess='false'" /DEBUG /PDB:"C:\Users\zaz\Documents\Visual Studio 2010\Projects\ColorLines\Debug\ColorLines.pdb" /SUBSYSTEM:WINDOWS /TLBID:1 /DYNAMICBASE /NXCOMPAT /IMPLIB:"C:\Users\zaz\Documents\Visual Studio 2010\Projects\ColorLines\Debug\ColorLines.lib" /MACHINE:X86 Debug\ColorLines.exe.embed.manifest.res
  Debug\Field.obj
  Debug\main.obj
  Debug\MessageFunc.obj
  Debug\Moves.obj
  Debug\Square.obj
Manifest:
  C:\Program Files (x86)\Microsoft SDKs\Windows\v7.0A\bin\mt.exe /nologo /verbose /out:"Debug\ColorLines.exe.embed.manifest" /manifest Debug\ColorLines.exe.intermediate.manifest
  All outputs are up-to-date.
LinkEmbedManifest:
  All outputs are up-to-date.
  ColorLines.vcxproj -> C:\Users\zaz\Documents\Visual Studio 2010\Projects\ColorLines\Debug\ColorLines.exe
FinalizeBuildStatus:
  Deleting file "Debug\ColorLines.unsuccessfulbuild".
  Touching "Debug\ColorLines.lastbuildstate".
Done Building Project "C:\Users\zaz\Documents\Visual Studio 2010\Projects\ColorLines\ColorLines\ColorLines.vcxproj" (build target(s)).

Build succeeded.

Time Elapsed 00:00:03.46
