Build started 3/23/2013 7:57:02 PM.
Project "C:\Users\zaz\Documents\Visual Studio 2010\Projects\ColorLinesXP\ColorLinesXP\ColorLinesXP.vcxproj" on node 2 (build target(s)).
InitializeBuildStatus:
  Creating "Debug\ColorLinesXP.unsuccessfulbuild" because "AlwaysCreate" was specified.
ClCompile:
  C:\Program Files (x86)\Microsoft Visual Studio 10.0\VC\bin\CL.exe /c /ZI /nologo /W3 /WX- /Od /Oy- /D WIN32 /D _DEBUG /D _WINDOWS /D _MBCS /Gm /EHsc /RTC1 /MDd /GS /fp:precise /Zc:wchar_t /Zc:forScope /Fo"Debug\\" /Fd"Debug\vc100.pdb" /Gd /TP /analyze- /errorReport:prompt main.cpp
  main.cpp
c:\users\zaz\documents\visual studio 2010\projects\colorlinesxp\colorlinesxp\main.cpp(65): warning C4244: 'argument' : conversion from 'time_t' to 'unsigned int', possible loss of data
ManifestResourceCompile:
  All outputs are up-to-date.
Link:
  C:\Program Files (x86)\Microsoft Visual Studio 10.0\VC\bin\link.exe /ERRORREPORT:PROMPT /OUT:"C:\Users\zaz\Documents\Visual Studio 2010\Projects\ColorLinesXP\Debug\ColorLinesXP.exe" /INCREMENTAL /NOLOGO kernel32.lib user32.lib gdi32.lib winspool.lib comdlg32.lib advapi32.lib shell32.lib ole32.lib oleaut32.lib uuid.lib odbc32.lib odbccp32.lib /MANIFEST /ManifestFile:"Debug\ColorLinesXP.exe.intermediate.manifest" /MANIFESTUAC:"level='asInvoker' uiAccess='false'" /DEBUG /PDB:"C:\Users\zaz\Documents\Visual Studio 2010\Projects\ColorLinesXP\Debug\ColorLinesXP.pdb" /SUBSYSTEM:WINDOWS /TLBID:1 /DYNAMICBASE /NXCOMPAT /IMPLIB:"C:\Users\zaz\Documents\Visual Studio 2010\Projects\ColorLinesXP\Debug\ColorLinesXP.lib" /MACHINE:X86 Debug\ColorLinesXP.exe.embed.manifest.res
  Debug\Field.obj
  Debug\main.obj
  Debug\Moves.obj
Manifest:
  C:\Program Files (x86)\Microsoft SDKs\Windows\v7.0A\bin\mt.exe /nologo /verbose /out:"Debug\ColorLinesXP.exe.embed.manifest" /manifest Debug\ColorLinesXP.exe.intermediate.manifest
  All outputs are up-to-date.
LinkEmbedManifest:
  All outputs are up-to-date.
  ColorLinesXP.vcxproj -> C:\Users\zaz\Documents\Visual Studio 2010\Projects\ColorLinesXP\Debug\ColorLinesXP.exe
FinalizeBuildStatus:
  Deleting file "Debug\ColorLinesXP.unsuccessfulbuild".
  Touching "Debug\ColorLinesXP.lastbuildstate".
Done Building Project "C:\Users\zaz\Documents\Visual Studio 2010\Projects\ColorLinesXP\ColorLinesXP\ColorLinesXP.vcxproj" (build target(s)).

Build succeeded.

Time Elapsed 00:00:02.75
